Determining if the pthread_create exist failed with the following output:
Change Dir: /home/bryan/catkin_ws/build/CMakeFiles/CMakeTmp

Run Build Command:"/usr/bin/make" "cmTC_827cc/fast"
/usr/bin/make -f CMakeFiles/cmTC_827cc.dir/build.make CMakeFiles/cmTC_827cc.dir/build
make[1]: Entering directory '/home/bryan/catkin_ws/build/CMakeFiles/CMakeTmp'
Building C object CMakeFiles/cmTC_827cc.dir/CheckSymbolExists.c.o
/usr/bin/cc    -o CMakeFiles/cmTC_827cc.dir/CheckSymbolExists.c.o   -c /home/bryan/catkin_ws/build/CMakeFiles/CMakeTmp/CheckSymbolExists.c
Linking C executable cmTC_827cc
/usr/bin/cmake -E cmake_link_script CMakeFiles/cmTC_827cc.dir/link.txt --verbose=1
/usr/bin/cc      -rdynamic CMakeFiles/cmTC_827cc.dir/CheckSymbolExists.c.o  -o cmTC_827cc 
CMakeFiles/cmTC_827cc.dir/CheckSymbolExists.c.o: In function `main':
CheckSymbolExists.c:(.text+0x1b): undefined reference to `pthread_create'
collect2: error: ld returned 1 exit status
CMakeFiles/cmTC_827cc.dir/build.make:97: recipe for target 'cmTC_827cc' failed
make[1]: *** [cmTC_827cc] Error 1
make[1]: Leaving directory '/home/bryan/catkin_ws/build/CMakeFiles/CMakeTmp'
Makefile:126: recipe for target 'cmTC_827cc/fast' failed
make: *** [cmTC_827cc/fast] Error 2

File /home/bryan/catkin_ws/build/CMakeFiles/CMakeTmp/CheckSymbolExists.c:
/* */
#include <pthread.h>

int main(int argc, char** argv)
{
  (void)argv;
#ifndef pthread_create
  return ((int*)(&pthread_create))[argc];
#else
  (void)argc;
  return 0;
#endif
}

Determining if the function pthread_create exists in the pthreads failed with the following output:
Change Dir: /home/bryan/catkin_ws/build/CMakeFiles/CMakeTmp

Run Build Command:"/usr/bin/make" "cmTC_f3117/fast"
/usr/bin/make -f CMakeFiles/cmTC_f3117.dir/build.make CMakeFiles/cmTC_f3117.dir/build
make[1]: Entering directory '/home/bryan/catkin_ws/build/CMakeFiles/CMakeTmp'
Building C object CMakeFiles/cmTC_f3117.dir/CheckFunctionExists.c.o
/usr/bin/cc   -DCHECK_FUNCTION_EXISTS=pthread_create   -o CMakeFiles/cmTC_f3117.dir/CheckFunctionExists.c.o   -c /usr/share/cmake-3.10/Modules/CheckFunctionExists.c
Linking C executable cmTC_f3117
/usr/bin/cmake -E cmake_link_script CMakeFiles/cmTC_f3117.dir/link.txt --verbose=1
/usr/bin/cc  -DCHECK_FUNCTION_EXISTS=pthread_create    -rdynamic CMakeFiles/cmTC_f3117.dir/CheckFunctionExists.c.o  -o cmTC_f3117 -lpthreads 
/usr/bin/ld: cannot find -lpthreads
collect2: error: ld returned 1 exit status
CMakeFiles/cmTC_f3117.dir/build.make:97: recipe for target 'cmTC_f3117' failed
make[1]: *** [cmTC_f3117] Error 1
make[1]: Leaving directory '/home/bryan/catkin_ws/build/CMakeFiles/CMakeTmp'
Makefile:126: recipe for target 'cmTC_f3117/fast' failed
make: *** [cmTC_f3117/fast] Error 2


